<?xml version="1.0" encoding="UTF-8"?>
<!-- Generated by org.testng.reporters.JUnitReportReporter -->
<testsuite hostname="LAPTOP-NGJGMHJU" failures="0" tests="2" name="com.af.test.AmazonTest" time="18.440" errors="0" timestamp="18 Feb 2021 15:50:43 GMT">
  <testcase classname="com.af.test.AmazonTest" name="amazonHomePageTitleTest" time="7.550"/>
  <testcase classname="com.af.test.AmazonTest" name="searchAndGetProductPriceForAmazon" time="10.890"/>
</testsuite> <!-- com.af.test.AmazonTest -->
