<?xml version="1.0" encoding="UTF-8"?>
<!-- Generated by org.testng.reporters.JUnitReportReporter -->
<testsuite hostname="LAPTOP-NGJGMHJU" failures="0" tests="2" name="com.af.test.FlipkartTest" time="18.470" errors="0" timestamp="18 Feb 2021 15:50:43 GMT">
  <testcase classname="com.af.test.FlipkartTest" name="flipkartHomePageTitleTest" time="8.039"/>
  <testcase classname="com.af.test.FlipkartTest" name="searchAndGetProductPriceForFlipkart" time="10.431"/>
</testsuite> <!-- com.af.test.FlipkartTest -->
