<?xml version="1.0" encoding="UTF-8"?>
<!-- Generated by org.testng.reporters.JUnitReportReporter -->
<testsuite hostname="LAPTOP-NGJGMHJU" failures="0" tests="1" name="com.af.test.PriceCompare" time="0.001" errors="0" timestamp="18 Feb 2021 15:50:43 GMT">
  <testcase classname="com.af.test.PriceCompare" name="FindLowestPrice" time="0.001"/>
</testsuite> <!-- com.af.test.PriceCompare -->
